C:\Program Files\Microsoft Visual Studio\2022\Preview\MSBuild\Microsoft\VC\v170\Microsoft.CppBuild.targets(534,5): warning MSB8028: The intermediate directory (x64\Release\) contains files shared from another project (ExampleMod.vcxproj).  This can lead to incorrect clean and rebuild behavior.
  ExampleMod.cpp
C:\Users\bucks\Desktop\Daedalus-master\DaedalusLoader\DaedalusLoader\Utilities\Logger.h(112,34): warning C4251: 'Log::LogArray': class 'std::vector<std::string,std::allocator<std::string>>' needs to have dll-interface to be used by clients of class 'Log'
C:\Users\bucks\Desktop\Daedalus-master\DaedalusLoader\DaedalusLoader\Utilities\Logger.h(112): message : see declaration of 'std::vector<std::string,std::allocator<std::string>>'
C:\Users\bucks\Desktop\Daedalus-master\DaedalusLoader\DaedalusLoader\GameInfo\GameInfo.h(42,14): warning C4251: 'GameProfile::ProfileName': class 'std::basic_string<char,std::char_traits<char>,std::allocator<char>>' needs to have dll-interface to be used by clients of class 'GameProfile'
C:\Program Files\Microsoft Visual Studio\2022\Preview\VC\Tools\MSVC\14.33.31627\include\xstring(5186): message : see declaration of 'std::basic_string<char,std::char_traits<char>,std::allocator<char>>'
C:\Users\bucks\Desktop\Daedalus-master\DaedalusLoader\DaedalusLoader\GameInfo\GameInfo.h(43,14): warning C4251: 'GameProfile::LoaderPath': class 'std::basic_string<char,std::char_traits<char>,std::allocator<char>>' needs to have dll-interface to be used by clients of class 'GameProfile'
C:\Program Files\Microsoft Visual Studio\2022\Preview\VC\Tools\MSVC\14.33.31627\include\xstring(5186): message : see declaration of 'std::basic_string<char,std::char_traits<char>,std::allocator<char>>'
C:\Users\bucks\Desktop\Daedalus-master\DaedalusLoader\DaedalusLoader\GameInfo\GameInfo.h(45,14): warning C4251: 'GameProfile::BeginPlayOverwrite': class 'std::basic_string<char,std::char_traits<char>,std::allocator<char>>' needs to have dll-interface to be used by clients of class 'GameProfile'
C:\Program Files\Microsoft Visual Studio\2022\Preview\VC\Tools\MSVC\14.33.31627\include\xstring(5186): message : see declaration of 'std::basic_string<char,std::char_traits<char>,std::allocator<char>>'
C:\Users\bucks\Desktop\Daedalus-master\DaedalusLoader\UE4\Basic.hpp(216,29): warning C4018: '<': signed/unsigned mismatch
C:\Users\bucks\Desktop\Daedalus-master\DaedalusLoader\UE4\Basic.hpp(247,78): warning C4018: '>=': signed/unsigned mismatch
  The contents of <string_view> are available only with C++17 or later.
C:\Users\bucks\Desktop\Daedalus-master\DaedalusLoader\DaedalusLoader\Utilities\Globals.h(30,23): warning C4251: 'Global::ModInfoList': class 'std::vector<ModInfo,std::allocator<ModInfo>>' needs to have dll-interface to be used by clients of class 'Global'
C:\Users\bucks\Desktop\Daedalus-master\DaedalusLoader\DaedalusLoader\Utilities\Globals.h(30): message : see declaration of 'std::vector<ModInfo,std::allocator<ModInfo>>'
C:\Users\bucks\Desktop\Daedalus-master\DaedalusLoader\DaedalusLoader\Utilities\Globals.h(31,14): warning C4251: 'Global::GameName': class 'std::basic_string<char,std::char_traits<char>,std::allocator<char>>' needs to have dll-interface to be used by clients of class 'Global'
C:\Program Files\Microsoft Visual Studio\2022\Preview\VC\Tools\MSVC\14.33.31627\include\xstring(5186): message : see declaration of 'std::basic_string<char,std::char_traits<char>,std::allocator<char>>'
C:\Users\bucks\Desktop\Daedalus-master\DaedalusLoader\DaedalusLoader\Utilities\Globals.h(33,26): warning C4251: 'Global::CoreMods': class 'std::vector<Mod *,std::allocator<Mod *>>' needs to have dll-interface to be used by clients of class 'Global'
C:\Users\bucks\Desktop\Daedalus-master\DaedalusLoader\DaedalusLoader\Utilities\Globals.h(33): message : see declaration of 'std::vector<Mod *,std::allocator<Mod *>>'
C:\Users\bucks\Desktop\Daedalus-master\DaedalusLoader\DaedalusLoader\Utilities\Globals.h(34,33): warning C4251: 'Global::BPFunctionWrappers': class 'std::vector<Global::BPFunctionWrapper,std::allocator<Global::BPFunctionWrapper>>' needs to have dll-interface to be used by clients of class 'Global'
C:\Users\bucks\Desktop\Daedalus-master\DaedalusLoader\DaedalusLoader\Utilities\Globals.h(34): message : see declaration of 'std::vector<Global::BPFunctionWrapper,std::allocator<Global::BPFunctionWrapper>>'
C:\Users\bucks\Desktop\Daedalus-master\DaedalusLoader\DaedalusLoader\Utilities\Globals.h(35,18): warning C4251: 'Global::eventSystem': class 'EventDispatcher' needs to have dll-interface to be used by clients of class 'Global'
C:\Users\bucks\Desktop\Daedalus-master\DaedalusLoader\EventSystem.h(39): message : see declaration of 'EventDispatcher'
C:\Users\bucks\Desktop\Daedalus-master\DaedalusLoader\DaedalusLoader\Mod\Mod.h(13,14): warning C4251: 'Mod::ModName': class 'std::basic_string<char,std::char_traits<char>,std::allocator<char>>' needs to have dll-interface to be used by clients of class 'Mod'
C:\Program Files\Microsoft Visual Studio\2022\Preview\VC\Tools\MSVC\14.33.31627\include\xstring(5186): message : see declaration of 'std::basic_string<char,std::char_traits<char>,std::allocator<char>>'
C:\Users\bucks\Desktop\Daedalus-master\DaedalusLoader\DaedalusLoader\Mod\Mod.h(14,14): warning C4251: 'Mod::ModVersion': class 'std::basic_string<char,std::char_traits<char>,std::allocator<char>>' needs to have dll-interface to be used by clients of class 'Mod'
C:\Program Files\Microsoft Visual Studio\2022\Preview\VC\Tools\MSVC\14.33.31627\include\xstring(5186): message : see declaration of 'std::basic_string<char,std::char_traits<char>,std::allocator<char>>'
C:\Users\bucks\Desktop\Daedalus-master\DaedalusLoader\DaedalusLoader\Mod\Mod.h(15,14): warning C4251: 'Mod::ModDescription': class 'std::basic_string<char,std::char_traits<char>,std::allocator<char>>' needs to have dll-interface to be used by clients of class 'Mod'
C:\Program Files\Microsoft Visual Studio\2022\Preview\VC\Tools\MSVC\14.33.31627\include\xstring(5186): message : see declaration of 'std::basic_string<char,std::char_traits<char>,std::allocator<char>>'
C:\Users\bucks\Desktop\Daedalus-master\DaedalusLoader\DaedalusLoader\Mod\Mod.h(16,14): warning C4251: 'Mod::ModAuthors': class 'std::basic_string<char,std::char_traits<char>,std::allocator<char>>' needs to have dll-interface to be used by clients of class 'Mod'
C:\Program Files\Microsoft Visual Studio\2022\Preview\VC\Tools\MSVC\14.33.31627\include\xstring(5186): message : see declaration of 'std::basic_string<char,std::char_traits<char>,std::allocator<char>>'
C:\Users\bucks\Desktop\Daedalus-master\DaedalusLoader\DaedalusLoader\Mod\Mod.h(17,14): warning C4251: 'Mod::ModLoaderVersion': class 'std::basic_string<char,std::char_traits<char>,std::allocator<char>>' needs to have dll-interface to be used by clients of class 'Mod'
C:\Program Files\Microsoft Visual Studio\2022\Preview\VC\Tools\MSVC\14.33.31627\include\xstring(5186): message : see declaration of 'std::basic_string<char,std::char_traits<char>,std::allocator<char>>'
C:\Users\bucks\Desktop\Daedalus-master\ExampleMod\SDK.hpp(26,25): warning C4099: 'UE4::FName': type name first seen using 'class' now seen using 'struct'
C:\Users\bucks\Desktop\Daedalus-master\DaedalusLoader\UE4\Basic.hpp(331): message : see declaration of 'UE4::FName'
C:\Users\bucks\Desktop\Daedalus-master\ExampleMod\SDK.hpp(46,40): warning C4099: 'UE4::UObject': type name first seen using 'class' now seen using 'struct'
C:\Users\bucks\Desktop\Daedalus-master\DaedalusLoader\UE4\CoreUObject_classes.hpp(16): message : see declaration of 'UE4::UObject'
C:\Users\bucks\Desktop\Daedalus-master\ExampleMod\SDK.hpp(46,63): warning C4099: 'UE4::TArray<UE4::UObject *>': type name first seen using 'class' now seen using 'struct'
C:\Users\bucks\Desktop\Daedalus-master\ExampleMod\SDK.hpp(46): message : see declaration of 'UE4::TArray<UE4::UObject *>'
C:\Users\bucks\Desktop\Daedalus-master\ExampleMod\SDK.hpp(61,27): warning C4099: 'UE4::FName': type name first seen using 'class' now seen using 'struct'
C:\Users\bucks\Desktop\Daedalus-master\DaedalusLoader\UE4\Basic.hpp(331): message : see declaration of 'UE4::FName'
C:\Users\bucks\Desktop\Daedalus-master\ExampleMod\SDK.hpp(62,33): warning C4099: 'UE4::FName': type name first seen using 'class' now seen using 'struct'
C:\Users\bucks\Desktop\Daedalus-master\DaedalusLoader\UE4\Basic.hpp(331): message : see declaration of 'UE4::FName'
C:\Users\bucks\Desktop\Daedalus-master\ExampleMod\SDK.hpp(78,67): warning C4099: 'UE4::TArray<FIcarusStatReplicated>': type name first seen using 'class' now seen using 'struct'
C:\Users\bucks\Desktop\Daedalus-master\ExampleMod\SDK.hpp(78): message : see declaration of 'UE4::TArray<FIcarusStatReplicated>'
C:\Users\bucks\Desktop\Daedalus-master\ExampleMod\SDK.hpp(79,71): warning C4099: 'UE4::TArray<FIcarusStatReplicated>': type name first seen using 'class' now seen using 'struct'
C:\Users\bucks\Desktop\Daedalus-master\ExampleMod\SDK.hpp(78): message : see declaration of 'UE4::TArray<FIcarusStatReplicated>'
C:\Users\bucks\Desktop\Daedalus-master\ExampleMod\SDK.hpp(80,56): warning C4099: 'UE4::TArray<FIcarusStatReplicated>': type name first seen using 'class' now seen using 'struct'
C:\Users\bucks\Desktop\Daedalus-master\ExampleMod\SDK.hpp(78): message : see declaration of 'UE4::TArray<FIcarusStatReplicated>'
C:\Users\bucks\Desktop\Daedalus-master\ExampleMod\SDK.hpp(81,57): warning C4099: 'UE4::TArray<FAlterationsEnum>': type name first seen using 'class' now seen using 'struct'
C:\Users\bucks\Desktop\Daedalus-master\ExampleMod\SDK.hpp(81): message : see declaration of 'UE4::TArray<FAlterationsEnum>'
C:\Users\bucks\Desktop\Daedalus-master\ExampleMod\SDK.hpp(85,27): warning C4099: 'UE4::FName': type name first seen using 'class' now seen using 'struct'
C:\Users\bucks\Desktop\Daedalus-master\DaedalusLoader\UE4\Basic.hpp(331): message : see declaration of 'UE4::FName'
C:\Users\bucks\Desktop\Daedalus-master\ExampleMod\SDK.hpp(89,54): warning C4099: 'UE4::TArray<FGameplayTag>': type name first seen using 'class' now seen using 'struct'
C:\Users\bucks\Desktop\Daedalus-master\ExampleMod\SDK.hpp(89): message : see declaration of 'UE4::TArray<FGameplayTag>'
C:\Users\bucks\Desktop\Daedalus-master\ExampleMod\SDK.hpp(90,52): warning C4099: 'UE4::TArray<FGameplayTag>': type name first seen using 'class' now seen using 'struct'
C:\Users\bucks\Desktop\Daedalus-master\ExampleMod\SDK.hpp(89): message : see declaration of 'UE4::TArray<FGameplayTag>'
C:\Users\bucks\Desktop\Daedalus-master\ExampleMod\SDK.hpp(95,61): warning C4099: 'UE4::TArray<FItemDynamicData>': type name first seen using 'class' now seen using 'struct'
C:\Users\bucks\Desktop\Daedalus-master\ExampleMod\SDK.hpp(95): message : see declaration of 'UE4::TArray<FItemDynamicData>'
C:\Users\bucks\Desktop\Daedalus-master\ExampleMod\SDK.hpp(97,34): warning C4099: 'UE4::FString': type name first seen using 'class' now seen using 'struct'
C:\Users\bucks\Desktop\Daedalus-master\DaedalusLoader\UE4\Basic.hpp(453): message : see declaration of 'UE4::FString'
C:\Users\bucks\Desktop\Daedalus-master\ExampleMod\SDK.hpp(131,35): warning C4099: 'UE4::FString': type name first seen using 'class' now seen using 'struct'
C:\Users\bucks\Desktop\Daedalus-master\DaedalusLoader\UE4\Basic.hpp(453): message : see declaration of 'UE4::FString'
C:\Users\bucks\Desktop\Daedalus-master\ExampleMod\SDK.hpp(132,56): warning C4099: 'UE4::TArray<FDynamicProperty>': type name first seen using 'class' now seen using 'struct'
C:\Users\bucks\Desktop\Daedalus-master\ExampleMod\SDK.hpp(132): message : see declaration of 'UE4::TArray<FDynamicProperty>'
C:\Users\bucks\Desktop\Daedalus-master\ExampleMod\SDK.hpp(133,40): warning C4099: 'UE4::TArray<FStat>': type name first seen using 'class' now seen using 'struct'
C:\Users\bucks\Desktop\Daedalus-master\ExampleMod\SDK.hpp(133): message : see declaration of 'UE4::TArray<FStat>'
C:\Users\bucks\Desktop\Daedalus-master\ExampleMod\SDK.hpp(134,24): warning C4099: 'UE4::FString': type name first seen using 'class' now seen using 'struct'
C:\Users\bucks\Desktop\Daedalus-master\DaedalusLoader\UE4\Basic.hpp(453): message : see declaration of 'UE4::FString'
  The contents of <filesystem> are available only with C++17 or later.
C:\Users\bucks\Desktop\Daedalus-master\ExampleMod\ExampleMod.cpp(87,59): warning C4099: 'UE4::TArray<FInventoryIDEnum>': type name first seen using 'class' now seen using 'struct'
C:\Users\bucks\Desktop\Daedalus-master\ExampleMod\ExampleMod.cpp(87): message : see declaration of 'UE4::TArray<FInventoryIDEnum>'
C:\Users\bucks\Desktop\Daedalus-master\ExampleMod\ExampleMod.cpp(106,44): warning C4099: 'UE4::TArray<FInventorySlot>': type name first seen using 'class' now seen using 'struct'
C:\Users\bucks\Desktop\Daedalus-master\ExampleMod\ExampleMod.cpp(106): message : see declaration of 'UE4::TArray<FInventorySlot>'
C:\Users\bucks\Desktop\Daedalus-master\ExampleMod\ExampleMod.cpp(106,82): warning C4099: 'UE4::TArray<FInventorySlot>': type name first seen using 'class' now seen using 'struct'
C:\Users\bucks\Desktop\Daedalus-master\ExampleMod\ExampleMod.cpp(106): message : see declaration of 'UE4::TArray<FInventorySlot>'
LINK : warning LNK4098: defaultlib 'LIBCMTD' conflicts with use of other libs; use /NODEFAULTLIB:library
  Generating code
  5 of 1205 functions ( 0.4%) were compiled, the rest were copied from previous compilation.
    0 functions were new in current compilation
    0 functions had inline decision re-evaluated but remain unchanged
  Finished generating code
  ExampleMod.vcxproj -> C:\Users\bucks\Desktop\Daedalus-master\DaedalusLoader\x64\Release\KeepLoadout.dll
